====================================================================================================
Oracle Production Performance Compare Report
====================================================================================================
问题时间窗口：&bad_day 21:57:00 - 22:00:00
对比时间窗口：前一天同时间段
prompt 数据来源：DBA_HIST_ACTIVE_SESS_HISTORY / DBA_HIST_SQLTEXT / DBA_HIST_SQLSTAT / DBA_OBJECTS
适用场景：生产库昨晚短时间性能抖动、卡顿、连接慢、SQL慢、等待异常、RAC节点负载不均
====================================================================================================

[0] 数据库基础信息
---------------------------------------------------------------------------------------------------

DB_NAME         INSTANCE_NUMBER INSTANCE_NAME        HOST_NAME                                VERSION              STARTUP_TIME
--------------- --------------- -------------------- ---------------------------------------- -------------------- -------------------------
JHEMR                         2 jhemr2               dzbldb2                                  11.2.0.4.0           2026-05-30 12:12:58

[1] 分析窗口确认
---------------------------------------------------------------------------------------------------

PERIOD_TYPE  BEGIN_DT                  END_DT                    WINDOW_SECONDS
------------ ------------------------- ------------------------- --------------
对比窗口 2026-06-01 21:57:00       2026-06-01 22:00:00                  180
问题窗口   2026-06-02 21:57:00       2026-06-02 22:00:00                  180

[2] ASH样本总览：判断问题窗口是否明显更忙
prompt --------------------------------------------------------------------------------------------------- prompt 说明：
prompt - sample_count 越高，代表该时间窗口内活跃会话越多。
prompt - hist_ash_aas 为近似 AAS，历史 ASH 通常约 10 秒一个采样点。
prompt - 问题窗口与对比窗口对比，如果 AAS 明显升高，说明数据库层面确实更忙。


PERIOD_TYPE  INSTANCE_NUMBER SESSION_STATE   WAIT_CLASS                SAMPLE_COUNT HIST_ASH_AAS
------------ --------------- --------------- ------------------------- ------------ ------------
问题窗口                 2 ON CPU          ON CPU                              11         0.61
对比窗口               2 ON CPU          ON CPU                              13         0.72
对比窗口               2 WAITING         Network                              1         0.06

[3] 按分钟趋势：看 21:57、21:58、21:59 哪一分钟最异常
---------------------------------------------------------------------------------------------------

MINUTE_TIME          PROBLEM_SAMPLES BASE_SAMPLES DIFF_SAMPLES RATIO_TO_BASE
-------------------- --------------- ------------ ------------ -------------
21:57                              6           10           -4          0.60
21:58                              4            4            0          1.00
21:59                              1            0            1

[4] Top 等待事件对比：判断是 IO、锁、CPU、提交、网络还是并发问题
prompt ---------------------------------------------------------------------------------------------------

PERIOD_TYPE  WAIT_CLASS                EVENT                                                        SAMPLE_COUNT PCT_IN_PERIOD
------------ ------------------------- ------------------------------------------------------------ ------------ -------------
问题窗口   ON CPU                    ON CPU                                                                 11        100.00
对比窗口 ON CPU                    ON CPU                                                                 13         92.86
对比窗口 Network                   SQL*Net more data from dblink                                           1          7.14

[5] Top SQL 对比：定位问题窗口最活跃 SQL
---------------------------------------------------------------------------------------------------

PERIOD_TYPE  INSTANCE_NUMBER SQL_ID          PLAN_HASH_VALUE WAIT_CLASS           EVENT                                         MODULE                              ACTION                                SAMPLES         AAS
------------ --------------- --------------- --------------- -------------------- --------------------------------------------- ----------------------------------- ----------------------------------- --------- -----------
问题窗口                 2 b8wskykypj37d        3516618889 ON CPU               ON CPU                                        JDBC Thin Client                    -                                           1        0.06
问题窗口                 2 ctjkjd3kffpgf        1209298318 ON CPU               ON CPU                                        JDBC Thin Client                    -                                           1        0.06
问题窗口                 2 atj95vn0ufbw6        1206734291 ON CPU               ON CPU                                        JDBC Thin Client                    -                                           1        0.06
问题窗口                 2 75jv29zcvu2ts        1209298318 ON CPU               ON CPU                                        JDBC Thin Client                    -                                           1        0.06
问题窗口                 2 6svnpt1wxxcxc        3326594737 ON CPU               ON CPU                                        JDBC Thin Client                    -                                           1        0.06
问题窗口                 2 a231xm68vr2vg        1209298318 ON CPU               ON CPU                                        JDBC Thin Client                    -                                           1        0.06
问题窗口                 2 2brvj1hcj9z95        3558149369 ON CPU               ON CPU                                        JDBC Thin Client                    -                                           1        0.06
问题窗口                 2 4699vdjuzqks8        1209298318 ON CPU               ON CPU                                        JDBC Thin Client                    -                                           1        0.06
问题窗口                 2 5pay11br0hym6        1209298318 ON CPU               ON CPU                                        JDBC Thin Client                    -                                           1        0.06
问题窗口                 2 a2s1wsg5afzjz        1209298318 ON CPU               ON CPU                                        JDBC Thin Client                    -                                           1        0.06
对比窗口               2 4xvnf47jyhk5t        1209298318 ON CPU               ON CPU                                        JDBC Thin Client                    -                                           1        0.06
对比窗口               2 dup0gg9hh5u61        3558149369 ON CPU               ON CPU                                        JDBC Thin Client                    -                                           1        0.06
对比窗口               2 aaxjcybzdh3qb        3516618889 ON CPU               ON CPU                                        JDBC Thin Client                    -                                           1        0.06
对比窗口               2 czkn29s20v4fc        3965019557 Network              SQL*Net more data from dblink                 SynchroClient.exe                   -                                           1        0.06
对比窗口               2 cmfup1qccctrf        2731684608 ON CPU               ON CPU                                        JHDBServiceHost.exe                 -                                           1        0.06
对比窗口               2 f0g2tass18kk9        1209298318 ON CPU               ON CPU                                        JDBC Thin Client                    -                                           1        0.06
对比窗口               2 d4wczd5kdkjt2        1209298318 ON CPU               ON CPU                                        JDBC Thin Client                    -                                           1        0.06
对比窗口               2 brxbnag9ua8au        1206734291 ON CPU               ON CPU                                        JDBC Thin Client                    -                                           1        0.06
对比窗口               2 5tr47h6h1s8c5        1209298318 ON CPU               ON CPU                                        JDBC Thin Client                    -                                           1        0.06
对比窗口               2 0tka93sud27bj        1209298318 ON CPU               ON CPU                                        JDBC Thin Client                    -                                           1        0.06
对比窗口               2 a77bv0yx26bvb        1209298318 ON CPU               ON CPU                                        JDBC Thin Client                    -                                           1        0.06
对比窗口               2 2zg3326ypsvmb        3356155829 ON CPU               ON CPU                                        JHDBServiceHost.exe                 -                                           1        0.06
对比窗口               2 1fp7gjw06xb6y        3326594737 ON CPU               ON CPU                                        JDBC Thin Client                    -                                           1        0.06
对比窗口               2 2a1ypm5ytrpd0        1835840884 ON CPU               ON CPU                                        JHDBServiceHost.exe                 -                                           1        0.06

[6] 问题窗口 SQL 相比前一天的增量排序
--------------------------------------------------------------------------------------------------- prompt 说明：
prompt - diff_samples 越高，说明该 SQL 在问题窗口比前一天同时间段更活跃。
prompt - 这部分通常是最关键的定位结果。


SQL_ID          PROBLEM_SAMPLES BASE_SAMPLES DIFF_SAMPLES RATIO_TO_BASE TOP_EVENT_PROBLEM
--------------- --------------- ------------ ------------ ------------- ------------------------------------------------------------
2brvj1hcj9z95                 1            0            1               ON CPU
4699vdjuzqks8                 1            0            1               ON CPU
5pay11br0hym6                 1            0            1               ON CPU
6svnpt1wxxcxc                 1            0            1               ON CPU
75jv29zcvu2ts                 1            0            1               ON CPU
a231xm68vr2vg                 1            0            1               ON CPU
a2s1wsg5afzjz                 1            0            1               ON CPU
atj95vn0ufbw6                 1            0            1               ON CPU
b8wskykypj37d                 1            0            1               ON CPU
ctjkjd3kffpgf                 1            0            1               ON CPU
2zg3326ypsvmb                 0            1           -1          0.00
aaxjcybzdh3qb                 0            1           -1          0.00
d4wczd5kdkjt2                 0            1           -1          0.00
f0g2tass18kk9                 0            1           -1          0.00
a77bv0yx26bvb                 0            1           -1          0.00
1fp7gjw06xb6y                 0            1           -1          0.00
cmfup1qccctrf                 0            1           -1          0.00
dup0gg9hh5u61                 0            1           -1          0.00
brxbnag9ua8au                 0            1           -1          0.00
0tka93sud27bj                 0            1           -1          0.00
4xvnf47jyhk5t                 0            1           -1          0.00
czkn29s20v4fc                 0            1           -1          0.00
2a1ypm5ytrpd0                 0            1           -1          0.00
5tr47h6h1s8c5                 0            1           -1          0.00

[7] Top SQL 文本：查看问题 SQL 的具体内容
prompt ---------------------------------------------------------------------------------------------------

SQL_ID            SAMPLES SQL_TEXT
--------------- --------- ----------------------------------------------------------------------------------------------------------------------------------------------------------------------------------------------------------------------------
6svnpt1wxxcxc           1 select ID,CASEID,ZYCS,ZS,XBS,JWBS,GRS, JZS,TGJC,ZKJC,FZJC,CBZD,case when RYJLSXSJ='' then null else RYJLSXSJ end RYJLSXSJ,XZZD,case when XZZDSXSJ='' then null else XZZDSXSJ end XZZDSXSJ,BCZD,case when BCZDSXSJ='' then nu
                          ll else BCZDSXSJ end BCZDSXSJ,case when CREATETIME='' then null else CREATETIME end CREATETIME,case when UPDATETIME='' then null else UPDATETIME end UPDATETIME,COMPLETED_DATE from getAdmissionRecord WHERE  to_char(UPDATE
                          TIME,'YYYY-MM-DD HH24:MI:SS') >= '2026-06-02 21:20:00' and to_char(UPDATETIME,'YYYY-MM-DD HH24:MI:SS')<='2026-06-02 22:00:00'

4699vdjuzqks8           1 select ID,CASEID,ZYCS,LX,JLNR,case when CREATETIME='' then null else CREATETIME end CREATETIME,case when UPDATETIME='' then null else UPDATETIME end UPDATETIME from getHospitalizationCourseOfDise WHERE  to_char(UPDATETIM
                          E,'YYYY-MM-DD HH24:MI:SS') >= '2026-06-02 21:20:00' and to_char(UPDATETIME,'YYYY-MM-DD HH24:MI:SS')<'2026-06-02 22:00:00'

b8wskykypj37d           1 select ID,CASEID,ZYCS,case when RYSJ='' then null else RYSJ end RYSJ,RYQK,QYZDMC,YXFZJCJG,ZLGCMS,CYQK,CYZDXYZDMC,CYSZZYTZ,CYYZ,case when CREATETIME='' then null else CREATETIME end CREATETIME,case when UPDATETIME='' then
                           null else UPDATETIME end UPDATETIME,COMPLETED_DATE from getDischargeRecord WHERE  to_char(UPDATETIME,'YYYY-MM-DD HH24:MI:SS') >= '2026-06-02 21:20:00' and to_char(UPDATETIME,'YYYY-MM-DD HH24:MI:SS')<'2026-06-02 22:00:00
                          '

5pay11br0hym6           1 select ID,CASEID,ZYCS,BLTDXBS,BLTDCT,BLTDJWS,BLTDFZJC,CBZDJZDYJ,JBZD,ZLJHBQPG,ZLJHZLFA,case when CREATETIME='' then null else CREATETIME end CREATETIME,case when UPDATETIME='' then null else UPDATETIME end UPDATETIME fro
                          m getFirstCourseOfDiseaseRecord WHERE  to_char(UPDATETIME,'YYYY-MM-DD HH24:MI:SS') >= '2026-06-02 19:50:00' and to_char(UPDATETIME,'YYYY-MM-DD HH24:MI:SS')<'2026-06-02 22:00:00'

2brvj1hcj9z95           1 select ID,CASEID,ZYCS,KSMC,DOCTOR,LX,JGNR,WDMC,case when CREATETIME='' then null else CREATETIME end CREATETIME,case when UPDATETIME='' then null else UPDATETIME end UPDATETIME from getScreenRecord WHERE  to_char(UPDATET
                          IME,'YYYY-MM-DD HH24:MI:SS') >= '2026-06-02 19:50:00' and to_char(UPDATETIME,'YYYY-MM-DD HH24:MI:SS')<'2026-06-02 22:00:00'

75jv29zcvu2ts           1 select ID,CASEID,ZYCS,LX,JLNR,case when CREATETIME='' then null else CREATETIME end CREATETIME,case when UPDATETIME='' then null else UPDATETIME end UPDATETIME from getNursEvaluationRecord WHERE  to_char(UPDATETIME,'YYYY
                          -MM-DD HH24:MI:SS') >= '2026-06-02 19:50:00' and to_char(UPDATETIME,'YYYY-MM-DD HH24:MI:SS')<'2026-06-02 22:00:00'

atj95vn0ufbw6           1 select ID,PATIENTID,PATIENTNAME,IDCARD,REGISTERTIME,ZS,XBS,JWBS,GRS,TGJC,MZZD,MZCL,MZJY,MZCF,case when CREATETIME='' then null else CREATETIME end CREATETIME,case when UPDATETIME='' then null else UPDATETIME end UPDATETI
                          ME from getClinicRecord WHERE  to_char(UPDATETIME,'YYYY-MM-DD HH24:MI:SS') >= '2026-06-02 19:50:00' and to_char(UPDATETIME,'YYYY-MM-DD HH24:MI:SS')<'2026-06-02 22:00:00'

a2s1wsg5afzjz           1 select ID,CASEID,LX,GZNR,ZYCS,case when CREATETIME='' then null else CREATETIME end CREATETIME,case when UPDATETIME='' then null else UPDATETIME end UPDATETIME from getInformedRecord WHERE  to_char(UPDATETIME,'YYYY-MM-DD
                           HH24:MI:SS') >= '2026-06-02 19:50:00' and to_char(UPDATETIME,'YYYY-MM-DD HH24:MI:SS')<'2026-06-02 22:00:00'

a231xm68vr2vg           1 select ID,CASEID,LX,CJR,ZCR,TLYJ,ZCRZJ,BCNR,JLNR,ZYCS,case when CREATETIME='' then null else CREATETIME end CREATETIME,case when UPDATETIME='' then null else UPDATETIME end UPDATETIME from getDiscussionRecord WHERE  to_c
                          har(UPDATETIME,'YYYY-MM-DD HH24:MI:SS') >= '2026-06-02 19:50:00' and to_char(UPDATETIME,'YYYY-MM-DD HH24:MI:SS')<'2026-06-02 22:00:00'

ctjkjd3kffpgf           1 select ID,CASEID,ZYCS,LX,TOPIC,SQZDMC,SSSYZ,SSJJZ,SSZZ,HZYJ,NSSMZFF,SSYD,SQZB,SSZQM,SSJCZMC,SSMBBWMC,case when SSKSSJ='' then null else SSKSSJ end SSKSSJ,case when SSJSSJ='' then null else SSJSSJ end SSJSSJ,MZFFMC,SSGC,S
                          HZDMC,case when CREATETIME='' then null else CREATETIME end CREATETIME,case when UPDATETIME='' then null else UPDATETIME end UPDATETIME,COMPLETED_DATE from getSurgicalRecord WHERE  to_char(UPDATETIME,'YYYY-MM-DD HH24:MI:
                          SS') >= '2026-06-02 21:20:00' and to_char(UPDATETIME,'YYYY-MM-DD HH24:MI:SS')<'2026-06-02 22:00:00'


[8] 会话维度：是否集中在某几个用户、机器、程序、模块
prompt ---------------------------------------------------------------------------------------------------

PERIOD_TYPE     USER_ID USERNAME                  MACHINE                                       PROGRAM                                                 MODULE                                          SAMPLES
------------ ---------- ------------------------- --------------------------------------------- ------------------------------------------------------- --------------------------------------------- ---------
问题窗口          129 ZZJH                      WIN-EV0LJS2V42V                               JDBC Thin Client                                        JDBC Thin Client                                     10
问题窗口            0 SYS                       dzbldb2                                       oracle@dzbldb2 (DIA0)                                   -                                                     1
对比窗口        129 ZZJH                      WIN-EV0LJS2V42V                               JDBC Thin Client                                        JDBC Thin Client                                     10
对比窗口        122 JHEMR                     WORKGROUP\WIN-3JKD3F5I14R                     JHDBServiceHost.exe                                     JHDBServiceHost.exe                                   3
对比窗口        122 JHEMR                     WORKGROUP\WIN-3JKD3F5I14R                     SynchroClient.exe                                       SynchroClient.exe                                     1

[9] 阻塞 / 锁等待分析
prompt --------------------------------------------------------------------------------------------------- prompt 说明：
prompt - 如果这里有大量记录，重点看 blocking_session、blocking_inst_id、event。
prompt - 常见问题：enq: TX - row lock contention、library cache lock、cursor pin S wait on X。


[10] 热点对象分析：判断是否集中访问某些表/索引
---------------------------------------------------------------------------------------------------

PERIOD_TYPE  OWNER                     OBJECT_NAME                                   SUBOBJECT_NAME                 OBJECT_TYPE               EVENT                                                     SAMPLES
------------ ------------------------- --------------------------------------------- ------------------------------ ------------------------- ------------------------------------------------------- ---------
问题窗口   SYS                       AUD$                                                                         TABLE                     ON CPU                                                          1

[11] RAC 节点分布：判断是否某个节点异常
prompt ---------------------------------------------------------------------------------------------------

PERIOD_TYPE  INSTANCE_NUMBER    SAMPLES ON_CPU_SAMPLES WAIT_SAMPLES         AAS
------------ --------------- ---------- -------------- ------------ -----------
问题窗口                 2         11             11            0        0.61
对比窗口               2         14             13            1        0.78

[12] GC / RAC 相关等待
--------------------------------------------------------------------------------------------------- prompt 说明：
prompt - 如果 gc buffer busy、gc cr request、gc current block busy 明显升高，要看是否 RAC 节点间数据块争用。


[13] IO 相关等待
--------------------------------------------------------------------------------------------------- prompt 说明：
prompt - db file sequential read：通常是索引单块读。
prompt - db file scattered read：通常是全表扫描或多块读。
prompt - direct path read/write：直读、并行、排序、临时段、批处理相关。
prompt - log file sync / log file parallel write：提交或 redo 写入相关。


[14] 临时表空间 / 排序 / HASH 相关 SQL
---------------------------------------------------------------------------------------------------

[15] SQL 执行计划变化风险：同一个 SQL 是否出现多个 plan_hash_value
---------------------------------------------------------------------------------------------------

[16] 快照级 SQL 统计：补充逻辑读、物理读、CPU、执行次数
prompt --------------------------------------------------------------------------------------------------- prompt 说明：
prompt - 这部分基于 DBA_HIST_SQLSTAT 和 SNAPSHOT，粒度通常比 ASH 粗。
prompt - 如果 AWR 快照是 1 小时一次，那么这部分不是严格 21:57-22:00，只是辅助判断。
prompt - 精确短窗口仍以 ASH 为主。


PERIOD_TYPE  SQL_ID          PLAN_HASH_VALUE EXECUTIONS_DELTA ELAPSED_SEC_DELTA  CPU_SEC_DELTA BUFFER_GETS_DELTA DISK_READS_DELTA ROWS_PROCESSED_DELTA
------------ --------------- --------------- ---------------- ----------------- -------------- ----------------- ---------------- --------------------
问题窗口   czkn29s20v4fc        3965019557               11             92.92           7.62                 0                0               271371
问题窗口   b6usrg82hwsa3                 0                1             44.64          41.44           8574362            10589                    0
问题窗口   2zg3326ypsvmb        3356155829               83             34.00          33.89           5788171                0                   83
问题窗口   1bn9kbcdhvn1z        3965019557               10             23.09           0.58                 0                0                24263
问题窗口   6mcpb06rctk0x                 0                1             22.06           5.52           1048339            17067                    0
问题窗口   2p5f1sqkrzazx        3965019557               10             19.92           0.24                 0                0                 9148
问题窗口   32ja17q3djp3w         666903584               83             16.78          16.72           1059746                0                   83
问题窗口   2brvj1hcj9z95        3558149369                1             12.74          12.64           6057704                0                   19
问题窗口   8szmwam7fysa3        2976124318               18             12.06           0.61             36092             8533                  648
问题窗口   ct1hx13ntxxzc         495761522                1             10.70          10.31           1683465            24716                    7
问题窗口   aus4g8s5z0n23         495761522                1             10.31           9.92           1684362            24716                   13
问题窗口   4699vdjuzqks8        1209298318                1             10.31          10.24           6057692                1                   19
问题窗口   bd2w8nquu76dt        1209298318                1              9.71           9.69           6057811                0                   51
问题窗口   a2s1wsg5afzjz        1209298318                1              9.63           9.61           6057644                2                    9
问题窗口   6svnpt1wxxcxc        3326594737                1              9.54           9.47           6058671                4                   11
问题窗口   ctjkjd3kffpgf        1209298318                1              9.37           9.35           6057605                0                    0
问题窗口   392wz45g342pw        2990115599                6              9.33           9.30           2926225               12                  264
问题窗口   75jv29zcvu2ts        1209298318                1              9.18           9.15           6057632                0                    7
问题窗口   2nw7hc4nqh0ta                 0                7              9.17           9.15           1581975                0                    7
问题窗口   8835ck9u67yyx        1209298318                1              8.92           8.90           6058456                0                    0
问题窗口   b8wskykypj37d        3516618889                1              8.56           8.50           6057633                0                    1
问题窗口   bp199f4k0vk26        3516618889                1              8.32           8.29           6058437                0                    4
问题窗口   44f64gxrttrjg        3326594737                1              8.12           8.09           6058558                5                    9
问题窗口   a231xm68vr2vg        1209298318                1              7.98           7.96           6057683                2                    2
问题窗口   5pay11br0hym6        1209298318                1              7.75           7.71           6057668                3                   13
问题窗口   atj95vn0ufbw6        1206734291                1              7.58           7.56            563919                0                    9
问题窗口   cwut61r7k44b4        1928150198                3              7.35           7.33           5692890                0                   66
问题窗口   0dhajz0sm4rft        2411418663               12              7.02           6.97           1336122                0                43620
问题窗口   8kb3crpkbt2tq        1254125539                1              6.40           6.38           1065024                0                    1
问题窗口   cy8rfgtudc4zm        2612047951                1              5.88           2.03            512595           512285                  124
对比窗口 czkn29s20v4fc        3965019557               20            172.39          13.31                 0                0               493220
对比窗口 1bn9kbcdhvn1z        3965019557               20             44.69           1.08                 0                0                43697
对比窗口 2p5f1sqkrzazx        3965019557               20             42.92           0.46                 0                0                18017
对比窗口 2zg3326ypsvmb        3356155829               57             23.15          23.08           3973186                0                   57
对比窗口 f8nj81dh063ph        1774212152                4             22.68           2.14            107951            31972                   60
对比窗口 bfdrcz9hbq76v                 0               10             15.77          15.73           2261676                0                   10
对比窗口 cwaq0r3b0u1pw        1996206968                4             15.49           2.28            107712            31972                  308
对比窗口 dup0gg9hh5u61        3558149369                1             12.62          12.59           6055634                0                   22
对比窗口 32ja17q3djp3w         666903584               56             11.37          11.32            727495                0                   57
对比窗口 a77bv0yx26bvb        1209298318                1             10.64          10.62           6055594                0                   39
对比窗口 2uf4x99rcst4r         495761522                1             10.18           9.81           1684310            24703                   11
对比窗口 d4wczd5kdkjt2        1209298318                1              9.81           9.79           6055557                1                   29
对比窗口 argkqw9wxx7x6        1209298318                1              9.76           9.73           6055595                1                   46
对比窗口 392wz45g342pw        2990115599                6              9.55           9.52           2924954               12                  264
对比窗口 0tka93sud27bj        1209298318                1              9.55           9.52           6055438                0                    4
对比窗口 f0g2tass18kk9        1209298318                1              9.44           9.37           6056313                0                    7
对比窗口 1fp7gjw06xb6y        3326594737                1              8.89           8.84           6056702               16                   14
对比窗口 3a4umkjjpz2s9        1209298318                1              8.64           8.62           6056137                0                    1
对比窗口 6mcpb06rctk0x                 0                0              8.60           5.65           1253426             2636                    0
对比窗口 aaxjcybzdh3qb        3516618889                1              8.59           8.56           6056127                1                    2
对比窗口 bp2wq5xykbkyp        3326594737                1              8.52           8.49           6056527                5                   11
对比窗口 5tr47h6h1s8c5        1209298318                1              8.35           8.33           6055430                1                    1
对比窗口 4xvnf47jyhk5t        1209298318                1              8.09           8.06           6055482                1                   11
对比窗口 g6r70gmarbpb2                 0                4              8.03           8.01            904668                0                    4
对比窗口 4fcfbzdv9xpnr        3516618889                1              8.01           7.99           6056430                1                    7
对比窗口 d15b4n6202vn2                 0                4              7.95           7.93            904670                0                    4
对比窗口 brxbnag9ua8au        1206734291                1              7.95           7.92            564161                0                   16
对比窗口 c0j3sps4wcvrz        3965019557                1              7.94           0.03                 3                0                 1024
对比窗口 cwut61r7k44b4         693419896                3              7.27           7.25           5676403                0                   81
对比窗口 1rjdhrc64t21p        1744402508                1              7.08           6.65            883307            24703                    2

[17] 当前内存 ASH 补查：如果问题刚发生不久，可能还能在 GV$ACTIVE_SESSION_HISTORY 查到
---------------------------------------------------------------------------------------------------

PERIOD_TYPE  INST_ID EVENT                                                        SQL_ID            SAMPLES
------------ ------- ------------------------------------------------------------ --------------- ---------
问题窗口         2 ON CPU                                                       2brvj1hcj9z95          12
问题窗口         2 ON CPU                                                       4699vdjuzqks8          11
问题窗口         2 ON CPU                                                       a2s1wsg5afzjz          10
问题窗口         2 ON CPU                                                       6svnpt1wxxcxc           9
问题窗口         2 ON CPU                                                       75jv29zcvu2ts           9
问题窗口         2 ON CPU                                                       b8wskykypj37d           9
问题窗口         2 ON CPU                                                       ctjkjd3kffpgf           9
问题窗口         2 ON CPU                                                       5pay11br0hym6           8
问题窗口         2 ON CPU                                                       a231xm68vr2vg           8
问题窗口         2 ON CPU                                                       atj95vn0ufbw6           8
问题窗口         2 ON CPU                                                                               5
问题窗口         2 ON CPU                                                       7gn00sgu20gk1           3
问题窗口         2 ON CPU                                                       32ja17q3djp3w           2
问题窗口         2 ON CPU                                                       85gkr0s810my5           2
问题窗口         2 ON CPU                                                       fsdrm1u9j27a0           1
问题窗口         2 log file sync                                                                        1
问题窗口         2 log file parallel write                                                              1
问题窗口         2 ON CPU                                                       9qd0hnj196172           1
问题窗口         2 ON CPU                                                       ggn6za9ppuqg9           1
问题窗口         2 ON CPU                                                       8h8y7mdk5zcma           1
问题窗口         2 ON CPU                                                       anu9x53rcpkh7           1
问题窗口         2 ON CPU                                                       c6m9wd4k0pss4           1
问题窗口         2 ON CPU                                                       c7pnc050k1323           1
问题窗口         2 ON CPU                                                       3zkf79wry2hmy           1
对比窗口       2 ON CPU                                                       dup0gg9hh5u61          13
对比窗口       2 ON CPU                                                       0tka93sud27bj          10
对比窗口       2 ON CPU                                                       a77bv0yx26bvb          10
对比窗口       2 ON CPU                                                       d4wczd5kdkjt2          10
对比窗口       2 ON CPU                                                       1fp7gjw06xb6y           9
对比窗口       2 ON CPU                                                       5tr47h6h1s8c5           9
对比窗口       2 ON CPU                                                       f0g2tass18kk9           9
对比窗口       2 ON CPU                                                       4xvnf47jyhk5t           8
对比窗口       2 ON CPU                                                       aaxjcybzdh3qb           8
对比窗口       2 ON CPU                                                       brxbnag9ua8au           8
对比窗口       2 SQL*Net more data from dblink                                czkn29s20v4fc           6
对比窗口       2 ON CPU                                                                               5
对比窗口       2 log file parallel write                                                              2
对比窗口       2 SQL*Net message from dblink                                  3cvwgsc5ufbw6           2
对比窗口       2 ON CPU                                                       dm0mkq3y541gh           2
对比窗口       2 SQL*Net message from dblink                                  czkn29s20v4fc           2
对比窗口       2 ON CPU                                                       2zg3326ypsvmb           2
对比窗口       2 SQL*Net message from dblink                                  1bn9kbcdhvn1z           2
对比窗口       2 SQL*Net message from dblink                                  2p5f1sqkrzazx           2
对比窗口       2 ON CPU                                                       frhnhvmzky4pk           1
对比窗口       2 ON CPU                                                       fvgr67haa3vpa           1
对比窗口       2 ON CPU                                                       cmfup1qccctrf           1
对比窗口       2 ON CPU                                                       6kn64b91bdkrn           1
对比窗口       2 ON CPU                                                       8tn8kg4a95pyn           1
对比窗口       2 ON CPU                                                       6gjk1ftz1hv7f           1
对比窗口       2 ON CPU                                                       31fc80ndm72f5           1
对比窗口       2 ON CPU                                                       a8rx73mq9r1k8           1
对比窗口       2 log file sync                                                                        1
对比窗口       2 ON CPU                                                       a51q5kna19zjd           1
对比窗口       2 ON CPU                                                       9p3bbp8j6k9p8           1

[18] 自动诊断提示
---------------------------------------------------------------------------------------------------
你可以按下面思路解读本报告：

1. 先看 [2]：
prompt    如果问题窗口 sample_count / AAS 明显高于对比窗口，说明数据库层面确实繁忙。
prompt
2. 再看 [4]：
prompt    如果 ON CPU 高，偏 CPU 或 SQL 执行效率问题。
prompt    如果 User I/O / System I/O 高，偏存储、SQL物理读、对象热点。
prompt    如果 Commit 高，重点看 log file sync / log file parallel write。
prompt    如果 Concurrency 高，重点看 latch、library cache、cursor pin。
prompt    如果 Application 高，重点看 TX 锁、行锁、业务并发。
prompt    如果 Cluster 高，重点看 RAC 节点间争用。
prompt
3. 再看 [6]：
prompt    diff_samples 最大的 SQL，就是昨天 21:57-22:00 相比前天同时间段明显增多的 SQL。
prompt
4. 再看 [7]：
prompt    查看 SQL 文本，判断是否为批量任务、报表任务、定时任务、接口任务。
prompt
5. 再看 [9]：
prompt    如果存在 blocking_session，说明可能是锁等待或阻塞链。
prompt
6. 再看 [10]：
prompt    如果热点集中在少数表/索引，说明可能是对象级热点。
prompt
7. 再看 [11] 和 [12]：
prompt    如果某个 RAC 节点异常高，或者 GC 等待高，说明要继续看节点负载、互联、服务分布。
prompt
8. 再看 [15]：
prompt    如果同一 SQL 在问题窗口和对比窗口出现不同 plan_hash_value，要重点检查执行计划漂移。
prompt
====================================================================================================
Report Finished.
====================================================================================================
